Process "/home/travis/miniconda/bin/rst2pdf" started on Tue Jul  7 06:05:28 2015

        /home/travis/miniconda/bin/rst2pdf --date-invariant -v
        test_math2.txt -o
        /home/travis/build/rst2pdf/rst2pdf/rst2pdf/tests/output/test_math2.pdf


* [INFO] createpdf.py:1572 Importing extension module 'vectorpdf'
* [INFO] languages.py:39 Language 'en_US' not supported by Docutils, using 'en' instead.
* [INFO] styles.py:82 Using stylesheets: 
* [INFO] styles.py:110 FontPath:['/home/travis/miniconda/lib/python2.7/site-packages/rst2pdf-0.93.dev_r0-py2.7.egg/rst2pdf/fonts', '.']
* [INFO] styles.py:111 StylePath:['/home/travis/.rst2pdf/styles', '/home/travis/miniconda/lib/python2.7/site-packages/rst2pdf-0.93.dev_r0-py2.7.egg/rst2pdf/styles', '.']
* [INFO] languages.py:39 Language 'en_US' not supported by Docutils, using 'en' instead.
* [ERROR] math_flowable.py:40 Math support not available, some parts of this document will be rendered incorrectly. Install matplotlib.
* Traceback (most recent call last):
*   File "/home/travis/build/rst2pdf/rst2pdf/rst2pdf/tests/execmgr.py", line 78, in wrapper
*     preexec_fn()
*   File "/home/travis/miniconda/lib/python2.7/site-packages/rst2pdf-0.93.dev_r0-py2.7.egg/rst2pdf/createpdf.py", line 1495, in main
*     compressed=options.compressed)
*   File "/home/travis/miniconda/lib/python2.7/site-packages/rst2pdf-0.93.dev_r0-py2.7.egg/rst2pdf/createpdf.py", line 561, in createPdf
*     elements = self.gen_elements(self.doctree)
*   File "/home/travis/miniconda/lib/python2.7/site-packages/rst2pdf-0.93.dev_r0-py2.7.egg/rst2pdf/basenodehandler.py", line 250, in elemdispatch
*     elements = self.getelements(client, node, style)
*   File "/home/travis/miniconda/lib/python2.7/site-packages/rst2pdf-0.93.dev_r0-py2.7.egg/rst2pdf/basenodehandler.py", line 225, in getelements
*     elements = self.gather_elements(client, node, style)
*   File "/home/travis/miniconda/lib/python2.7/site-packages/rst2pdf-0.93.dev_r0-py2.7.egg/rst2pdf/basenodehandler.py", line 205, in gather_elements
*     return client.gather_elements(node, style=style)
*   File "/home/travis/miniconda/lib/python2.7/site-packages/rst2pdf-0.93.dev_r0-py2.7.egg/rst2pdf/createpdf.py", line 390, in gather_elements
*     r.extend(self.gen_elements(n, style=style))
*   File "/home/travis/miniconda/lib/python2.7/site-packages/rst2pdf-0.93.dev_r0-py2.7.egg/rst2pdf/basenodehandler.py", line 250, in elemdispatch
*     elements = self.getelements(client, node, style)
*   File "/home/travis/miniconda/lib/python2.7/site-packages/rst2pdf-0.93.dev_r0-py2.7.egg/rst2pdf/basenodehandler.py", line 225, in getelements
*     elements = self.gather_elements(client, node, style)
*   File "/home/travis/miniconda/lib/python2.7/site-packages/rst2pdf-0.93.dev_r0-py2.7.egg/rst2pdf/genelements.py", line 442, in gather_elements
*     elements = client.gather_elements(node)
*   File "/home/travis/miniconda/lib/python2.7/site-packages/rst2pdf-0.93.dev_r0-py2.7.egg/rst2pdf/createpdf.py", line 390, in gather_elements
*     r.extend(self.gen_elements(n, style=style))
*   File "/home/travis/miniconda/lib/python2.7/site-packages/rst2pdf-0.93.dev_r0-py2.7.egg/rst2pdf/basenodehandler.py", line 250, in elemdispatch
*     elements = self.getelements(client, node, style)
*   File "/home/travis/miniconda/lib/python2.7/site-packages/rst2pdf-0.93.dev_r0-py2.7.egg/rst2pdf/basenodehandler.py", line 225, in getelements
*     elements = self.gather_elements(client, node, style)
*   File "/home/travis/miniconda/lib/python2.7/site-packages/rst2pdf-0.93.dev_r0-py2.7.egg/rst2pdf/genelements.py", line 188, in gather_elements
*     return [Paragraph(client.gen_pdftext(node), style)]
*   File "/home/travis/miniconda/lib/python2.7/site-packages/rst2pdf-0.93.dev_r0-py2.7.egg/rst2pdf/basenodehandler.py", line 280, in textdispatch
*     text = self.get_text(client, node, replaceEnt)
*   File "/home/travis/miniconda/lib/python2.7/site-packages/rst2pdf-0.93.dev_r0-py2.7.egg/rst2pdf/basenodehandler.py", line 266, in get_text
*     return client.gather_pdftext(node)
*   File "/home/travis/miniconda/lib/python2.7/site-packages/rst2pdf-0.93.dev_r0-py2.7.egg/rst2pdf/createpdf.py", line 380, in gather_pdftext
*     for n in node.children])
*   File "/home/travis/miniconda/lib/python2.7/site-packages/rst2pdf-0.93.dev_r0-py2.7.egg/rst2pdf/basenodehandler.py", line 280, in textdispatch
*     text = self.get_text(client, node, replaceEnt)
*   File "/home/travis/miniconda/lib/python2.7/site-packages/rst2pdf-0.93.dev_r0-py2.7.egg/rst2pdf/math_directive.py", line 101, in get_text
*     img = mf.genImage()
*   File "/home/travis/miniconda/lib/python2.7/site-packages/rst2pdf-0.93.dev_r0-py2.7.egg/rst2pdf/math_flowable.py", line 168, in genImage
*     img.save(fn)
*   File "/home/travis/miniconda/lib/python2.7/site-packages/PIL/Image.py", line 1687, in save
*     format = EXTENSION[ext]
* KeyError: '.png'
* 

Program /home/travis/miniconda/bin/rst2pdf exit code: FAIL (1)   elapsed time: 00.0 seconds

File test_math2.pdf not generated
