Process "/home/travis/miniconda/bin/rst2pdf" started on Tue Jul  7 06:01:40 2015

        /home/travis/miniconda/bin/rst2pdf --date-invariant -v
        test_math.txt -o
        /home/travis/build/rst2pdf/rst2pdf/rst2pdf/tests/output/test_math.pdf


* [INFO] createpdf.py:1572 Importing extension module 'vectorpdf'
* [INFO] languages.py:39 Language 'en_US' not supported by Docutils, using 'en' instead.
* [INFO] styles.py:82 Using stylesheets: 
* [INFO] styles.py:110 FontPath:['/home/travis/miniconda/lib/python2.7/site-packages/rst2pdf-0.93.dev_r0-py2.7.egg/rst2pdf/fonts', '.']
* [INFO] styles.py:111 StylePath:['/home/travis/.rst2pdf/styles', '/home/travis/miniconda/lib/python2.7/site-packages/rst2pdf-0.93.dev_r0-py2.7.egg/rst2pdf/styles', '.']
* [INFO] languages.py:39 Language 'en_US' not supported by Docutils, using 'en' instead.
* [ERROR] math_flowable.py:40 Math support not available, some parts of this document will be rendered incorrectly. Install matplotlib.
* [ERROR] math_flowable.py:40 Math support not available, some parts of this document will be rendered incorrectly. Install matplotlib.
* [ERROR] math_flowable.py:40 Math support not available, some parts of this document will be rendered incorrectly. Install matplotlib.
* [ERROR] math_flowable.py:40 Math support not available, some parts of this document will be rendered incorrectly. Install matplotlib.
* [ERROR] math_flowable.py:40 Math support not available, some parts of this document will be rendered incorrectly. Install matplotlib.
* [ERROR] math_flowable.py:40 Math support not available, some parts of this document will be rendered incorrectly. Install matplotlib.
* [INFO] createpdf.py:651 Starting build
* [INFO] createpdf.py:1112 Page 1 [1]

Program /home/travis/miniconda/bin/rst2pdf exit code: PASS (0)   elapsed time: 00.0 seconds

Validity of file test_math.pdf checksum 'c750bb75c39fe80e115cddc686604ced' is unknown.
