Process "/home/pmaupin/projects/opensource/rst2pdf-0.93/bin/rst2pdf" started on Sun Jul  5 17:16:47 2015

        /home/pmaupin/projects/opensource/rst2pdf-0.93/bin/rst2pdf
        --date-invariant -v test_math_default_role.txt -o
        /home/pmaupin/projects/opensource/rst2pdf-0.93/rst2pdf/tests/output/test_math_default_role.pdf


* [INFO] createpdf.py:1572 Importing extension module 'vectorpdf'
* [INFO] languages.py:39 Language 'en_US' not supported by Docutils, using 'en' instead.
* [INFO] styles.py:82 Using stylesheets: 
* [INFO] styles.py:110 FontPath:['/home/pmaupin/projects/opensource/rst2pdf-0.93/rst2pdf/fonts', '.']
* [INFO] styles.py:111 StylePath:['/home/pmaupin/.rst2pdf/styles', '/home/pmaupin/projects/opensource/rst2pdf-0.93/rst2pdf/styles', '.']
* [INFO] languages.py:39 Language 'en_US' not supported by Docutils, using 'en' instead.
* [ERROR] math_flowable.py:40 Math support not available, some parts of this document will be rendered incorrectly. Install matplotlib.
* [ERROR] math_flowable.py:40 Math support not available, some parts of this document will be rendered incorrectly. Install matplotlib.
* [INFO] createpdf.py:651 Starting build
* [INFO] createpdf.py:1112 Page 1 [1]

Program /home/pmaupin/projects/opensource/rst2pdf-0.93/bin/rst2pdf exit code: PASS (0)   elapsed time: 00.2 seconds

Validity of file test_math_default_role.pdf checksum '367ab4cd2804db83769ebf707f5a3f84' is unknown.
