Process "/home/pmaupin/projects/opensource/rst2pdf-0.93/bin/rst2pdf" started on Sun Jul  5 17:16:40 2015

        /home/pmaupin/projects/opensource/rst2pdf-0.93/bin/rst2pdf
        --date-invariant -v test_issue_50.txt -o
        /home/pmaupin/projects/opensource/rst2pdf-0.93/rst2pdf/tests/output/test_issue_50.pdf


* [INFO] createpdf.py:1572 Importing extension module 'vectorpdf'
* [INFO] languages.py:39 Language 'en_US' not supported by Docutils, using 'en' instead.
* [INFO] styles.py:82 Using stylesheets: 
* [INFO] styles.py:110 FontPath:['/home/pmaupin/projects/opensource/rst2pdf-0.93/rst2pdf/fonts', '.']
* [INFO] styles.py:111 StylePath:['/home/pmaupin/.rst2pdf/styles', '/home/pmaupin/projects/opensource/rst2pdf-0.93/rst2pdf/styles', '.']
* [INFO] languages.py:39 Language 'en_US' not supported by Docutils, using 'en' instead.
* [INFO] image.py:424 Image /home/pmaupin/projects/opensource/rst2pdf-0.93/rst2pdf/images/image-missing.jpg size calculated:  1.083733cm by 1.083733cm [near line 2 in file test_issue_50.txt]
* [ERROR] image.py:240 Missing image file: /home/pmaupin/projects/opensource/rst2pdf-0.93/rst2pdf/tests/input/notthere.jpg
* [INFO] image.py:424 Image /home/pmaupin/projects/opensource/rst2pdf-0.93/rst2pdf/images/image-missing.jpg size calculated:  1.083733cm by 1.083733cm [near line UNKNOWN in file UNKNOWN]
* [INFO] image.py:424 Image /home/pmaupin/projects/opensource/rst2pdf-0.93/rst2pdf/images/image-missing.jpg size calculated:  1.083733cm by 1.083733cm [near line UNKNOWN in file UNKNOWN]
* [ERROR] image.py:110 Missing image file: /home/pmaupin/projects/opensource/rst2pdf-0.93/rst2pdf/tests/input/notthere.jpg
* [INFO] createpdf.py:651 Starting build
* [INFO] createpdf.py:1112 Page 1 [1]

Program /home/pmaupin/projects/opensource/rst2pdf-0.93/bin/rst2pdf exit code: PASS (0)   elapsed time: 00.3 seconds

Validity of file test_issue_50.pdf checksum '87583a33a7c7ba096609630d7b3e9cfd' is good.
