Process "/home/pmaupin/projects/opensource/rst2pdf-0.93/bin/rst2pdf" started on Sun Jul  5 17:25:15 2015

        /home/pmaupin/projects/opensource/rst2pdf-0.93/bin/rst2pdf
        --date-invariant -v test_raw_html.txt --raw-html -o
        /home/pmaupin/projects/opensource/rst2pdf-0.93/rst2pdf/tests/output/test_raw_html.pdf


* [INFO] createpdf.py:1572 Importing extension module 'vectorpdf'
* [INFO] languages.py:39 Language 'en_US' not supported by Docutils, using 'en' instead.
* [INFO] styles.py:82 Using stylesheets: 
* [INFO] styles.py:110 FontPath:['/home/pmaupin/projects/opensource/rst2pdf-0.93/rst2pdf/fonts', '.']
* [INFO] styles.py:111 StylePath:['/home/pmaupin/.rst2pdf/styles', '/home/pmaupin/projects/opensource/rst2pdf-0.93/rst2pdf/styles', '.']
* [INFO] languages.py:39 Language 'en_US' not supported by Docutils, using 'en' instead.
* [ERROR] utils.py:416 You need xhtml2pdf installed to use the raw HTML directive.
* [ERROR] utils.py:416 You need xhtml2pdf installed to use the raw HTML directive.
* [INFO] createpdf.py:651 Starting build
* [INFO] createpdf.py:1112 Page 1 [1]

Program /home/pmaupin/projects/opensource/rst2pdf-0.93/bin/rst2pdf exit code: PASS (0)   elapsed time: 00.3 seconds

Validity of file test_raw_html.pdf checksum '6866215f46599ef9d19c01f9aa15677c' is unknown.
