Process "/home/pmaupin/projects/opensource/rst2pdf-0.93/bin/rst2pdf" started on Sun Jul  5 14:10:10 2015

        /home/pmaupin/projects/opensource/rst2pdf-0.93/bin/rst2pdf
        --date-invariant -v test_issue_331.txt -o
        /home/pmaupin/projects/opensource/rst2pdf-0.93/rst2pdf/tests/output/test_issue_331.pdf


* [INFO] createpdf.py:1572 Importing extension module 'vectorpdf'
* [INFO] languages.py:39 Language 'en_US' not supported by Docutils, using 'en' instead.
* [INFO] styles.py:82 Using stylesheets: 
* [INFO] styles.py:110 FontPath:['/home/pmaupin/projects/opensource/rst2pdf-0.93/rst2pdf/fonts', '.']
* [INFO] styles.py:111 StylePath:['/home/pmaupin/.rst2pdf/styles', '/home/pmaupin/projects/opensource/rst2pdf-0.93/rst2pdf/styles', '.']
* [INFO] languages.py:39 Language 'en_US' not supported by Docutils, using 'en' instead.
* [INFO] image.py:424 Image /home/pmaupin/projects/opensource/rst2pdf-0.93/rst2pdf/images/image-missing.jpg size calculated:  3.527778cm by 3.527778cm [near line UNKNOWN in file UNKNOWN]
* [ERROR] image.py:240 Missing image file: /home/pmaupin/projects/opensource/rst2pdf-0.93/rst2pdf/tests/input/none.jpg
* [INFO] image.py:424 Image /home/pmaupin/projects/opensource/rst2pdf-0.93/rst2pdf/images/image-missing.jpg size calculated:  3.527778cm by 3.527778cm [near line UNKNOWN in file UNKNOWN]
* [ERROR] image.py:240 Missing image file: /home/pmaupin/projects/opensource/rst2pdf-0.93/rst2pdf/tests/input/none.jpg
* [INFO] createpdf.py:651 Starting build
* [INFO] createpdf.py:1112 Page 1 [1]

Program /home/pmaupin/projects/opensource/rst2pdf-0.93/bin/rst2pdf exit code: PASS (0)   elapsed time: 00.3 seconds

Validity of file test_issue_331.pdf checksum '1a83959b011987179df0b5052aa0f52c' is unknown.
