Process "/home/pmaupin/projects/opensource/rst2pdf/bin/rst2pdf" started on Fri May 28 14:02:18 2010

        /home/pmaupin/projects/opensource/rst2pdf/bin/rst2pdf --date-
        invariant -v test_math.txt -o
        /home/pmaupin/projects/opensource/rst2pdf/rst2pdf/tests/output/test_math.pdf


* [INFO] createpdf.py:1432 Importing extension module 'vectorpdf'
* [INFO] styles.py:82 Using stylesheets: 
* [INFO] styles.py:110 FontPath:['/home/pmaupin/projects/opensource/rst2pdf/rst2pdf/fonts', '.']
* [INFO] styles.py:111 StylePath:['/home/pmaupin/.rst2pdf/styles', '/home/pmaupin/projects/opensource/rst2pdf/rst2pdf/styles', '.']
* [ERROR] math_flowable.py:29 Math support not available, some parts of this document will be rendered incorrectly. Install matplotlib.
* [ERROR] math_flowable.py:29 Math support not available, some parts of this document will be rendered incorrectly. Install matplotlib.
* [ERROR] math_flowable.py:29 Math support not available, some parts of this document will be rendered incorrectly. Install matplotlib.
* [ERROR] math_flowable.py:29 Math support not available, some parts of this document will be rendered incorrectly. Install matplotlib.
* [ERROR] math_flowable.py:29 Math support not available, some parts of this document will be rendered incorrectly. Install matplotlib.
* [ERROR] math_flowable.py:29 Math support not available, some parts of this document will be rendered incorrectly. Install matplotlib.
* [INFO] createpdf.py:584 Starting build
* [INFO] createpdf.py:1022 Page 1 [1]

Program /home/pmaupin/projects/opensource/rst2pdf/bin/rst2pdf exit code: PASS (0)   elapsed time: 00.0 seconds

Validity of file test_math.pdf checksum 'a77cd83d1fd4f980771ea809e819b034' is incomplete.
