Process "/home/pmaupin/projects/opensource/rst2pdf/bin/rst2pdf" started on Fri May 28 14:02:18 2010

        /home/pmaupin/projects/opensource/rst2pdf/bin/rst2pdf --date-
        invariant -v test_math2.txt -o
        /home/pmaupin/projects/opensource/rst2pdf/rst2pdf/tests/output/test_math2.pdf


* [INFO] createpdf.py:1432 Importing extension module 'vectorpdf'
* [INFO] styles.py:82 Using stylesheets: 
* [INFO] styles.py:110 FontPath:['/home/pmaupin/projects/opensource/rst2pdf/rst2pdf/fonts', '.']
* [INFO] styles.py:111 StylePath:['/home/pmaupin/.rst2pdf/styles', '/home/pmaupin/projects/opensource/rst2pdf/rst2pdf/styles', '.']
* [ERROR] math_flowable.py:29 Math support not available, some parts of this document will be rendered incorrectly. Install matplotlib.
* [ERROR] math_flowable.py:29 Math support not available, some parts of this document will be rendered incorrectly. Install matplotlib.
* [ERROR] math_flowable.py:29 Math support not available, some parts of this document will be rendered incorrectly. Install matplotlib.
* [ERROR] math_flowable.py:29 Math support not available, some parts of this document will be rendered incorrectly. Install matplotlib.
* [ERROR] math_flowable.py:29 Math support not available, some parts of this document will be rendered incorrectly. Install matplotlib.
* [ERROR] math_flowable.py:29 Math support not available, some parts of this document will be rendered incorrectly. Install matplotlib.
* [INFO] createpdf.py:584 Starting build
* [INFO] createpdf.py:1022 Page 1 [1]
* [ERROR] createpdf.py:632 Adding missing reference to equation-euler and rebuilding. This is slow!
* [INFO] createpdf.py:584 Starting build
* [INFO] createpdf.py:1022 Page 1 [1]

Program /home/pmaupin/projects/opensource/rst2pdf/bin/rst2pdf exit code: PASS (0)   elapsed time: 00.0 seconds

Validity of file test_math2.pdf checksum 'a1e4349e2227b51ea5f38b593ad00c71' is unknown.
