Process "/home/travis/miniconda/bin/rst2pdf" started on Tue Jul  7 01:39:15 2015

        /home/travis/miniconda/bin/rst2pdf --date-invariant -v
        test_math.txt -o /home/travis/build/pmaupin/radioactive-
        rst2pdf-testing/rst2pdf/tests/output/test_math.pdf


* [INFO] createpdf.py:1572 Importing extension module 'vectorpdf'
* [INFO] languages.py:39 Language 'en_US' not supported by Docutils, using 'en' instead.
* [INFO] styles.py:82 Using stylesheets: 
* [INFO] styles.py:110 FontPath:['/home/travis/miniconda/lib/python2.7/site-packages/rst2pdf-0.93.dev_r0-py2.7.egg/rst2pdf/fonts', '.']
* [INFO] styles.py:111 StylePath:['/home/travis/.rst2pdf/styles', '/home/travis/miniconda/lib/python2.7/site-packages/rst2pdf-0.93.dev_r0-py2.7.egg/rst2pdf/styles', '.']
* [INFO] languages.py:39 Language 'en_US' not supported by Docutils, using 'en' instead.
* [ERROR] math_flowable.py:40 Math support not available, some parts of this document will be rendered incorrectly. Install matplotlib.
* [ERROR] math_flowable.py:40 Math support not available, some parts of this document will be rendered incorrectly. Install matplotlib.
* [ERROR] math_flowable.py:40 Math support not available, some parts of this document will be rendered incorrectly. Install matplotlib.
* Traceback (most recent call last):
*   File "/home/travis/build/pmaupin/radioactive-rst2pdf-testing/rst2pdf/tests/execmgr.py", line 78, in wrapper
*     preexec_fn()
*   File "/home/travis/miniconda/lib/python2.7/site-packages/rst2pdf-0.93.dev_r0-py2.7.egg/rst2pdf/createpdf.py", line 1495, in main
*     compressed=options.compressed)
*   File "/home/travis/miniconda/lib/python2.7/site-packages/rst2pdf-0.93.dev_r0-py2.7.egg/rst2pdf/createpdf.py", line 561, in createPdf
*     elements = self.gen_elements(self.doctree)
*   File "/home/travis/miniconda/lib/python2.7/site-packages/rst2pdf-0.93.dev_r0-py2.7.egg/rst2pdf/basenodehandler.py", line 250, in elemdispatch
*     elements = self.getelements(client, node, style)
*   File "/home/travis/miniconda/lib/python2.7/site-packages/rst2pdf-0.93.dev_r0-py2.7.egg/rst2pdf/basenodehandler.py", line 225, in getelements
*     elements = self.gather_elements(client, node, style)
*   File "/home/travis/miniconda/lib/python2.7/site-packages/rst2pdf-0.93.dev_r0-py2.7.egg/rst2pdf/basenodehandler.py", line 205, in gather_elements
*     return client.gather_elements(node, style=style)
*   File "/home/travis/miniconda/lib/python2.7/site-packages/rst2pdf-0.93.dev_r0-py2.7.egg/rst2pdf/createpdf.py", line 390, in gather_elements
*     r.extend(self.gen_elements(n, style=style))
*   File "/home/travis/miniconda/lib/python2.7/site-packages/rst2pdf-0.93.dev_r0-py2.7.egg/rst2pdf/basenodehandler.py", line 250, in elemdispatch
*     elements = self.getelements(client, node, style)
*   File "/home/travis/miniconda/lib/python2.7/site-packages/rst2pdf-0.93.dev_r0-py2.7.egg/rst2pdf/basenodehandler.py", line 225, in getelements
*     elements = self.gather_elements(client, node, style)
*   File "/home/travis/miniconda/lib/python2.7/site-packages/rst2pdf-0.93.dev_r0-py2.7.egg/rst2pdf/genelements.py", line 188, in gather_elements
*     return [Paragraph(client.gen_pdftext(node), style)]
*   File "/home/travis/miniconda/lib/python2.7/site-packages/reportlab/platypus/paragraph.py", line 988, in __init__
*     self._setup(text, style, bulletText or getattr(style,'bulletText',None), frags, cleanBlockQuotedText)
*   File "/home/travis/miniconda/lib/python2.7/site-packages/reportlab/platypus/paragraph.py", line 1013, in _setup
*     % (_parser.errors[0],text[:min(30,len(text))]))
* ValueError: xml parser error (valign: invalid value 0.000000/) in paragraph beginning
* 'Inline replacements works, too'
* 

Program /home/travis/miniconda/bin/rst2pdf exit code: FAIL (1)   elapsed time: 00.0 seconds

File test_math.pdf not generated
